
Showing logs for build [32mcb-kubecd-environment-pr-234-13-mwhmv-1[0m stage [32mfrom-build-pack[0m and container [32mstep-credential-initializer-4tms6[0m
{"level":"info","ts":1590493596.0875397,"logger":"fallback-logger","caller":"logging/config.go:69","msg":"Fetch GitHub commit ID from kodata failed: open /var/run/ko/refs/heads/0.8.0-ns-support: no such file or directory"}
{"level":"info","ts":1590493596.0880919,"logger":"fallback-logger","caller":"creds-init/main.go:40","msg":"Credentials initialized."}

Showing logs for build [32mcb-kubecd-environment-pr-234-13-mwhmv-1[0m stage [32mfrom-build-pack[0m and container [32mstep-working-dir-initializer-cb8c8[0m
{"level":"info","ts":1590493597.2200828,"logger":"fallback-logger","caller":"logging/config.go:69","msg":"Fetch GitHub commit ID from kodata failed: open /var/run/ko/HEAD: no such file or directory"}
{"level":"info","ts":1590493597.2218852,"logger":"fallback-logger","caller":"bash/main.go:64","msg":"Successfully executed command \"sh -c mkdir -p /workspace/source\"; output "}

Showing logs for build [32mcb-kubecd-environment-pr-234-13-mwhmv-1[0m stage [32mfrom-build-pack[0m and container [32mstep-place-tools[0m

Showing logs for build [32mcb-kubecd-environment-pr-234-13-mwhmv-1[0m stage [32mfrom-build-pack[0m and container [32mstep-git-source-cb-kubecd-environment-pr-234-13-mwhmv-mjrq7[0m
{"level":"info","ts":1590493603.4582727,"logger":"fallback-logger","caller":"logging/config.go:69","msg":"Fetch GitHub commit ID from kodata failed: open /var/run/ko/refs/heads/0.8.0-ns-support: no such file or directory"}
{"level":"info","ts":1590493604.527249,"logger":"fallback-logger","caller":"git/git.go:103","msg":"Successfully cloned https://github.com/cb-kubecd/environment-pr-234-13-boot-gke-staging.git @ master in path /workspace/source"}

Showing logs for build [32mcb-kubecd-environment-pr-234-13-mwhmv-1[0m stage [32mfrom-build-pack[0m and container [32mstep-git-merge[0m
Using SHAs from PULL_REFS=master:9416200b88b6e22bea2a8e3280b8d15b1cc06de3,7:00e6ec6fcfaf9b40ddc0ec92eeec5ddd543d7772
DEBUG: LC_ALL=C JX_LOG_LEVEL=error git fetch origin --unshallow 00e6ec6fcfaf9b40ddc0ec92eeec5ddd543d7772: 9416200b88b6e22bea2a8e3280b8d15b1cc06de3:
DEBUG: ran git fetch --unshallow origin 00e6ec6fcfaf9b40ddc0ec92eeec5ddd543d7772: 9416200b88b6e22bea2a8e3280b8d15b1cc06de3: in 
DEBUG: JX_LOG_LEVEL=error LC_ALL=C git branch
DEBUG: JX_LOG_LEVEL=error LC_ALL=C git checkout master
DEBUG: ran git checkout master in 
DEBUG: LC_ALL=C JX_LOG_LEVEL=error git reset --hard 9416200b88b6e22bea2a8e3280b8d15b1cc06de3
DEBUG: ran git reset --hard 9416200b88b6e22bea2a8e3280b8d15b1cc06de3 in 
DEBUG: LC_ALL=C JX_LOG_LEVEL=error git clean -fd .
DEBUG: ran clean --force -d . in 
DEBUG: LC_ALL=C JX_LOG_LEVEL=error git merge 00e6ec6fcfaf9b40ddc0ec92eeec5ddd543d7772
DEBUG: ran git merge 00e6ec6fcfaf9b40ddc0ec92eeec5ddd543d7772 in 
DEBUG: LC_ALL=C JX_LOG_LEVEL=error git log --format=%H%x1f%an%x1f%ae%x1f%cn%x1f%ce%x1f%s%n%b%x1e 9416200b88b6e22bea2a8e3280b8d15b1cc06de3..HEAD
Merged SHA 00e6ec6fcfaf9b40ddc0ec92eeec5ddd543d7772 with commit message 'chore: Promote bdd-sbhg-import-1590492157 to version 0.0.1' into base branch master

Showing logs for build [32mcb-kubecd-environment-pr-234-13-mwhmv-1[0m stage [32mfrom-build-pack[0m and container [32mstep-build-helm-build[0m
WARNING: No $CHART_REPOSITORY defined so using the default value of: http://jenkins-x-chartmuseum:8080
Adding missing Helm repo: storage.googleapis.com https://storage.googleapis.com/chartmuseum.jenkins-x.io
WARNING: No secrets found on "helm/repos" due: reading the secret "helm/repos" from vault: no secret "helm/repos" not found in vault
Read credentials for https://storage.googleapis.com/chartmuseum.jenkins-x.io from vault helm/repos
Successfully added Helm repository storage.googleapis.com.
Adding missing Helm repo: jenkins-x-chartmuseum http://jenkins-x-chartmuseum:8080
WARNING: No secrets found on "helm/repos" due: reading the secret "helm/repos" from vault: no secret "helm/repos" not found in vault
Read credentials for http://jenkins-x-chartmuseum:8080 from vault helm/repos
Successfully added Helm repository jenkins-x-chartmuseum.
WARNING: No $CHART_REPOSITORY defined so using the default value of: http://jenkins-x-chartmuseum:8080
Adding missing Helm repo: chartmuseum.jenkins-x.io http://chartmuseum.jenkins-x.io
WARNING: No secrets found on "helm/repos" due: reading the secret "helm/repos" from vault: no secret "helm/repos" not found in vault
Read credentials for http://chartmuseum.jenkins-x.io from vault helm/repos
Successfully added Helm repository chartmuseum.jenkins-x.io.
