
Showing logs for build [32mcb-kubecd-environment-pr-234-13-pqqtt-1[0m stage [32mfrom-build-pack[0m and container [32mstep-credential-initializer-x8lp9[0m
{"level":"info","ts":1590494088.3066301,"logger":"fallback-logger","caller":"logging/config.go:69","msg":"Fetch GitHub commit ID from kodata failed: open /var/run/ko/refs/heads/0.8.0-ns-support: no such file or directory"}
{"level":"info","ts":1590494088.3072674,"logger":"fallback-logger","caller":"creds-init/main.go:40","msg":"Credentials initialized."}

Showing logs for build [32mcb-kubecd-environment-pr-234-13-pqqtt-1[0m stage [32mfrom-build-pack[0m and container [32mstep-working-dir-initializer-n49cb[0m
{"level":"info","ts":1590494089.7771783,"logger":"fallback-logger","caller":"logging/config.go:69","msg":"Fetch GitHub commit ID from kodata failed: open /var/run/ko/HEAD: no such file or directory"}
{"level":"info","ts":1590494089.7790534,"logger":"fallback-logger","caller":"bash/main.go:64","msg":"Successfully executed command \"sh -c mkdir -p /workspace/source\"; output "}

Showing logs for build [32mcb-kubecd-environment-pr-234-13-pqqtt-1[0m stage [32mfrom-build-pack[0m and container [32mstep-place-tools[0m

Showing logs for build [32mcb-kubecd-environment-pr-234-13-pqqtt-1[0m stage [32mfrom-build-pack[0m and container [32mstep-git-source-cb-kubecd-environment-pr-234-13-pqqtt-92lfn[0m
{"level":"info","ts":1590494095.1051707,"logger":"fallback-logger","caller":"logging/config.go:69","msg":"Fetch GitHub commit ID from kodata failed: open /var/run/ko/refs/heads/0.8.0-ns-support: no such file or directory"}
{"level":"info","ts":1590494096.1520603,"logger":"fallback-logger","caller":"git/git.go:103","msg":"Successfully cloned https://github.com/cb-kubecd/environment-pr-234-13-boot-gke-staging.git @ master in path /workspace/source"}

Showing logs for build [32mcb-kubecd-environment-pr-234-13-pqqtt-1[0m stage [32mfrom-build-pack[0m and container [32mstep-git-merge[0m
Using SHAs from PULL_REFS=master:7bfda1376b7a88ebb49dfd4839517a8475723306,8:103c178ca2182c96e507c5b7b7b9da3d3b90214c
DEBUG: LC_ALL=C JX_LOG_LEVEL=error git fetch origin --unshallow 103c178ca2182c96e507c5b7b7b9da3d3b90214c: 7bfda1376b7a88ebb49dfd4839517a8475723306:
DEBUG: ran git fetch --unshallow origin 103c178ca2182c96e507c5b7b7b9da3d3b90214c: 7bfda1376b7a88ebb49dfd4839517a8475723306: in 
DEBUG: LC_ALL=C JX_LOG_LEVEL=error git branch
DEBUG: LC_ALL=C JX_LOG_LEVEL=error git checkout master
DEBUG: ran git checkout master in 
DEBUG: LC_ALL=C JX_LOG_LEVEL=error git reset --hard 7bfda1376b7a88ebb49dfd4839517a8475723306
DEBUG: ran git reset --hard 7bfda1376b7a88ebb49dfd4839517a8475723306 in 
DEBUG: JX_LOG_LEVEL=error LC_ALL=C git clean -fd .
DEBUG: ran clean --force -d . in 
DEBUG: LC_ALL=C JX_LOG_LEVEL=error git merge 103c178ca2182c96e507c5b7b7b9da3d3b90214c
DEBUG: ran git merge 103c178ca2182c96e507c5b7b7b9da3d3b90214c in 
DEBUG: JX_LOG_LEVEL=error LC_ALL=C git log --format=%H%x1f%an%x1f%ae%x1f%cn%x1f%ce%x1f%s%n%b%x1e 7bfda1376b7a88ebb49dfd4839517a8475723306..HEAD
Merged SHA 103c178ca2182c96e507c5b7b7b9da3d3b90214c with commit message 'chore: Promote bdd-nh-import-1590492157 to version 0.0.1' into base branch master

Showing logs for build [32mcb-kubecd-environment-pr-234-13-pqqtt-1[0m stage [32mfrom-build-pack[0m and container [32mstep-build-helm-build[0m
WARNING: No $CHART_REPOSITORY defined so using the default value of: http://jenkins-x-chartmuseum:8080
Adding missing Helm repo: storage.googleapis.com https://storage.googleapis.com/chartmuseum.jenkins-x.io
WARNING: No secrets found on "helm/repos" due: reading the secret "helm/repos" from vault: no secret "helm/repos" not found in vault
Read credentials for https://storage.googleapis.com/chartmuseum.jenkins-x.io from vault helm/repos
Successfully added Helm repository storage.googleapis.com.
Adding missing Helm repo: jenkins-x-chartmuseum http://jenkins-x-chartmuseum:8080
WARNING: No secrets found on "helm/repos" due: reading the secret "helm/repos" from vault: no secret "helm/repos" not found in vault
Read credentials for http://jenkins-x-chartmuseum:8080 from vault helm/repos
Successfully added Helm repository jenkins-x-chartmuseum.
WARNING: No $CHART_REPOSITORY defined so using the default value of: http://jenkins-x-chartmuseum:8080
Adding missing Helm repo: chartmuseum.jenkins-x.io http://chartmuseum.jenkins-x.io
WARNING: No secrets found on "helm/repos" due: reading the secret "helm/repos" from vault: no secret "helm/repos" not found in vault
Read credentials for http://chartmuseum.jenkins-x.io from vault helm/repos
Successfully added Helm repository chartmuseum.jenkins-x.io.
